The system is: Linux - 3.16.0-4-amd64 - x86_64
Compiling the C compiler identification source file "CMakeCCompilerId.c" succeeded.
Compiler: /usr/bin/cc 
Build flags: 
Id flags: 

The output was:
0


Compilation of the C compiler identification source "CMakeCCompilerId.c" produced "a.out"

The C compiler identification is GNU, found in "/home/mntmn/code/FreeGLUT/freeglut/freeglut/CMakeFiles/3.0.2/CompilerIdC/a.out"

Compiling the CXX compiler identification source file "CMakeCXXCompilerId.cpp" succeeded.
Compiler: /usr/bin/c++ 
Build flags: 
Id flags: 

The output was:
0


Compilation of the CXX compiler identification source "CMakeCXXCompilerId.cpp" produced "a.out"

The CXX compiler identification is GNU, found in "/home/mntmn/code/FreeGLUT/freeglut/freeglut/CMakeFiles/3.0.2/CompilerIdCXX/a.out"

Determining if the C compiler works passed with the following output:
Change Dir: /home/mntmn/code/FreeGLUT/freeglut/freeglut/CMakeFiles/CMakeTmp

Run Build Command:"/usr/bin/make" "cmTryCompileExec826789704/fast"
/usr/bin/make -f CMakeFiles/cmTryCompileExec826789704.dir/build.make CMakeFiles/cmTryCompileExec826789704.dir/build
make[1]: Entering directory '/home/mntmn/code/FreeGLUT/freeglut/freeglut/CMakeFiles/CMakeTmp'
/usr/bin/cmake -E cmake_progress_report /home/mntmn/code/FreeGLUT/freeglut/freeglut/CMakeFiles/CMakeTmp/CMakeFiles 1
Building C object CMakeFiles/cmTryCompileExec826789704.dir/testCCompiler.c.o
/usr/bin/cc    -o CMakeFiles/cmTryCompileExec826789704.dir/testCCompiler.c.o   -c /home/mntmn/code/FreeGLUT/freeglut/freeglut/CMakeFiles/CMakeTmp/testCCompiler.c
Linking C executable cmTryCompileExec826789704
/usr/bin/cmake -E cmake_link_script CMakeFiles/cmTryCompileExec826789704.dir/link.txt --verbose=1
/usr/bin/cc       CMakeFiles/cmTryCompileExec826789704.dir/testCCompiler.c.o  -o cmTryCompileExec826789704 -rdynamic 
make[1]: Leaving directory '/home/mntmn/code/FreeGLUT/freeglut/freeglut/CMakeFiles/CMakeTmp'


Detecting C compiler ABI info compiled with the following output:
Change Dir: /home/mntmn/code/FreeGLUT/freeglut/freeglut/CMakeFiles/CMakeTmp

Run Build Command:"/usr/bin/make" "cmTryCompileExec3778238683/fast"
/usr/bin/make -f CMakeFiles/cmTryCompileExec3778238683.dir/build.make CMakeFiles/cmTryCompileExec3778238683.dir/build
make[1]: Entering directory '/home/mntmn/code/FreeGLUT/freeglut/freeglut/CMakeFiles/CMakeTmp'
/usr/bin/cmake -E cmake_progress_report /home/mntmn/code/FreeGLUT/freeglut/freeglut/CMakeFiles/CMakeTmp/CMakeFiles 1
Building C object CMakeFiles/cmTryCompileExec3778238683.dir/CMakeCCompilerABI.c.o
/usr/bin/cc    -o CMakeFiles/cmTryCompileExec3778238683.dir/CMakeCCompilerABI.c.o   -c /usr/share/cmake-3.0/Modules/CMakeCCompilerABI.c
Linking C executable cmTryCompileExec3778238683
/usr/bin/cmake -E cmake_link_script CMakeFiles/cmTryCompileExec3778238683.dir/link.txt --verbose=1
/usr/bin/cc     -v CMakeFiles/cmTryCompileExec3778238683.dir/CMakeCCompilerABI.c.o  -o cmTryCompileExec3778238683 -rdynamic  
Using built-in specs.
COLLECT_GCC=/usr/bin/cc
COLLECT_LTO_WRAPPER=/usr/lib/gcc/x86_64-linux-gnu/4.9/lto-wrapper
Target: x86_64-linux-gnu
Configured with: ../src/configure -v --with-pkgversion='Debian 4.9.1-19' --with-bugurl=file:///usr/share/doc/gcc-4.9/README.Bugs --enable-languages=c,c++,java,go,d,fortran,objc,obj-c++ --prefix=/usr --program-suffix=-4.9 --enable-shared --enable-linker-build-id --libexecdir=/usr/lib --without-included-gettext --enable-threads=posix --with-gxx-include-dir=/usr/include/c++/4.9 --libdir=/usr/lib --enable-nls --with-sysroot=/ --enable-clocale=gnu --enable-libstdcxx-debug --enable-libstdcxx-time=yes --enable-gnu-unique-object --disable-vtable-verify --enable-plugin --with-system-zlib --disable-browser-plugin --enable-java-awt=gtk --enable-gtk-cairo --with-java-home=/usr/lib/jvm/java-1.5.0-gcj-4.9-amd64/jre --enable-java-home --with-jvm-root-dir=/usr/lib/jvm/java-1.5.0-gcj-4.9-amd64 --with-jvm-jar-dir=/usr/lib/jvm-exports/java-1.5.0-gcj-4.9-amd64 --with-arch-directory=amd64 --with-ecj-jar=/usr/share/java/eclipse-ecj.jar --enable-objc-gc --enable-multiarch --with-arch-32=i586 --with-abi=m64 --with-multilib-list=m32,m64,mx32 --enable-multilib --with-tune=generic --enable-checking=release --build=x86_64-linux-gnu --host=x86_64-linux-gnu --target=x86_64-linux-gnu
Thread model: posix
gcc version 4.9.1 (Debian 4.9.1-19) 
COMPILER_PATH=/usr/lib/gcc/x86_64-linux-gnu/4.9/:/usr/lib/gcc/x86_64-linux-gnu/4.9/:/usr/lib/gcc/x86_64-linux-gnu/:/usr/lib/gcc/x86_64-linux-gnu/4.9/:/usr/lib/gcc/x86_64-linux-gnu/
LIBRARY_PATH=/usr/lib/gcc/x86_64-linux-gnu/4.9/:/usr/lib/gcc/x86_64-linux-gnu/4.9/../../../x86_64-linux-gnu/:/usr/lib/gcc/x86_64-linux-gnu/4.9/../../../../lib/:/lib/x86_64-linux-gnu/:/lib/../lib/:/usr/lib/x86_64-linux-gnu/:/usr/lib/../lib/:/usr/lib/gcc/x86_64-linux-gnu/4.9/../../../:/lib/:/usr/lib/
COLLECT_GCC_OPTIONS='-v' '-o' 'cmTryCompileExec3778238683' '-rdynamic' '-mtune=generic' '-march=x86-64'
 /usr/lib/gcc/x86_64-linux-gnu/4.9/collect2 -plugin /usr/lib/gcc/x86_64-linux-gnu/4.9/liblto_plugin.so -plugin-opt=/usr/lib/gcc/x86_64-linux-gnu/4.9/lto-wrapper -plugin-opt=-fresolution=/tmp/cc5unBrQ.res -plugin-opt=-pass-through=-lgcc -plugin-opt=-pass-through=-lgcc_s -plugin-opt=-pass-through=-lc -plugin-opt=-pass-through=-lgcc -plugin-opt=-pass-through=-lgcc_s --sysroot=/ --build-id --eh-frame-hdr -m elf_x86_64 --hash-style=gnu -export-dynamic -dynamic-linker /lib64/ld-linux-x86-64.so.2 -o cmTryCompileExec3778238683 /usr/lib/gcc/x86_64-linux-gnu/4.9/../../../x86_64-linux-gnu/crt1.o /usr/lib/gcc/x86_64-linux-gnu/4.9/../../../x86_64-linux-gnu/crti.o /usr/lib/gcc/x86_64-linux-gnu/4.9/crtbegin.o -L/usr/lib/gcc/x86_64-linux-gnu/4.9 -L/usr/lib/gcc/x86_64-linux-gnu/4.9/../../../x86_64-linux-gnu -L/usr/lib/gcc/x86_64-linux-gnu/4.9/../../../../lib -L/lib/x86_64-linux-gnu -L/lib/../lib -L/usr/lib/x86_64-linux-gnu -L/usr/lib/../lib -L/usr/lib/gcc/x86_64-linux-gnu/4.9/../../.. CMakeFiles/cmTryCompileExec3778238683.dir/CMakeCCompilerABI.c.o -lgcc --as-needed -lgcc_s --no-as-needed -lc -lgcc --as-needed -lgcc_s --no-as-needed /usr/lib/gcc/x86_64-linux-gnu/4.9/crtend.o /usr/lib/gcc/x86_64-linux-gnu/4.9/../../../x86_64-linux-gnu/crtn.o
make[1]: Leaving directory '/home/mntmn/code/FreeGLUT/freeglut/freeglut/CMakeFiles/CMakeTmp'


Parsed C implicit link information from above output:
  link line regex: [^( *|.*[/\])(ld|([^/\]+-)?ld|collect2)[^/\]*( |$)]
  ignore line: [Change Dir: /home/mntmn/code/FreeGLUT/freeglut/freeglut/CMakeFiles/CMakeTmp]
  ignore line: []
  ignore line: [Run Build Command:"/usr/bin/make" "cmTryCompileExec3778238683/fast"]
  ignore line: [/usr/bin/make -f CMakeFiles/cmTryCompileExec3778238683.dir/build.make CMakeFiles/cmTryCompileExec3778238683.dir/build]
  ignore line: [make[1]: Entering directory '/home/mntmn/code/FreeGLUT/freeglut/freeglut/CMakeFiles/CMakeTmp']
  ignore line: [/usr/bin/cmake -E cmake_progress_report /home/mntmn/code/FreeGLUT/freeglut/freeglut/CMakeFiles/CMakeTmp/CMakeFiles 1]
  ignore line: [Building C object CMakeFiles/cmTryCompileExec3778238683.dir/CMakeCCompilerABI.c.o]
  ignore line: [/usr/bin/cc    -o CMakeFiles/cmTryCompileExec3778238683.dir/CMakeCCompilerABI.c.o   -c /usr/share/cmake-3.0/Modules/CMakeCCompilerABI.c]
  ignore line: [Linking C executable cmTryCompileExec3778238683]
  ignore line: [/usr/bin/cmake -E cmake_link_script CMakeFiles/cmTryCompileExec3778238683.dir/link.txt --verbose=1]
  ignore line: [/usr/bin/cc     -v CMakeFiles/cmTryCompileExec3778238683.dir/CMakeCCompilerABI.c.o  -o cmTryCompileExec3778238683 -rdynamic  ]
  ignore line: [Using built-in specs.]
  ignore line: [COLLECT_GCC=/usr/bin/cc]
  ignore line: [COLLECT_LTO_WRAPPER=/usr/lib/gcc/x86_64-linux-gnu/4.9/lto-wrapper]
  ignore line: [Target: x86_64-linux-gnu]
  ignore line: [Configured with: ../src/configure -v --with-pkgversion='Debian 4.9.1-19' --with-bugurl=file:///usr/share/doc/gcc-4.9/README.Bugs --enable-languages=c,c++,java,go,d,fortran,objc,obj-c++ --prefix=/usr --program-suffix=-4.9 --enable-shared --enable-linker-build-id --libexecdir=/usr/lib --without-included-gettext --enable-threads=posix --with-gxx-include-dir=/usr/include/c++/4.9 --libdir=/usr/lib --enable-nls --with-sysroot=/ --enable-clocale=gnu --enable-libstdcxx-debug --enable-libstdcxx-time=yes --enable-gnu-unique-object --disable-vtable-verify --enable-plugin --with-system-zlib --disable-browser-plugin --enable-java-awt=gtk --enable-gtk-cairo --with-java-home=/usr/lib/jvm/java-1.5.0-gcj-4.9-amd64/jre --enable-java-home --with-jvm-root-dir=/usr/lib/jvm/java-1.5.0-gcj-4.9-amd64 --with-jvm-jar-dir=/usr/lib/jvm-exports/java-1.5.0-gcj-4.9-amd64 --with-arch-directory=amd64 --with-ecj-jar=/usr/share/java/eclipse-ecj.jar --enable-objc-gc --enable-multiarch --with-arch-32=i586 --with-abi=m64 --with-multilib-list=m32,m64,mx32 --enable-multilib --with-tune=generic --enable-checking=release --build=x86_64-linux-gnu --host=x86_64-linux-gnu --target=x86_64-linux-gnu]
  ignore line: [Thread model: posix]
  ignore line: [gcc version 4.9.1 (Debian 4.9.1-19) ]
  ignore line: [COMPILER_PATH=/usr/lib/gcc/x86_64-linux-gnu/4.9/:/usr/lib/gcc/x86_64-linux-gnu/4.9/:/usr/lib/gcc/x86_64-linux-gnu/:/usr/lib/gcc/x86_64-linux-gnu/4.9/:/usr/lib/gcc/x86_64-linux-gnu/]
  ignore line: [LIBRARY_PATH=/usr/lib/gcc/x86_64-linux-gnu/4.9/:/usr/lib/gcc/x86_64-linux-gnu/4.9/../../../x86_64-linux-gnu/:/usr/lib/gcc/x86_64-linux-gnu/4.9/../../../../lib/:/lib/x86_64-linux-gnu/:/lib/../lib/:/usr/lib/x86_64-linux-gnu/:/usr/lib/../lib/:/usr/lib/gcc/x86_64-linux-gnu/4.9/../../../:/lib/:/usr/lib/]
  ignore line: [COLLECT_GCC_OPTIONS='-v' '-o' 'cmTryCompileExec3778238683' '-rdynamic' '-mtune=generic' '-march=x86-64']
  link line: [ /usr/lib/gcc/x86_64-linux-gnu/4.9/collect2 -plugin /usr/lib/gcc/x86_64-linux-gnu/4.9/liblto_plugin.so -plugin-opt=/usr/lib/gcc/x86_64-linux-gnu/4.9/lto-wrapper -plugin-opt=-fresolution=/tmp/cc5unBrQ.res -plugin-opt=-pass-through=-lgcc -plugin-opt=-pass-through=-lgcc_s -plugin-opt=-pass-through=-lc -plugin-opt=-pass-through=-lgcc -plugin-opt=-pass-through=-lgcc_s --sysroot=/ --build-id --eh-frame-hdr -m elf_x86_64 --hash-style=gnu -export-dynamic -dynamic-linker /lib64/ld-linux-x86-64.so.2 -o cmTryCompileExec3778238683 /usr/lib/gcc/x86_64-linux-gnu/4.9/../../../x86_64-linux-gnu/crt1.o /usr/lib/gcc/x86_64-linux-gnu/4.9/../../../x86_64-linux-gnu/crti.o /usr/lib/gcc/x86_64-linux-gnu/4.9/crtbegin.o -L/usr/lib/gcc/x86_64-linux-gnu/4.9 -L/usr/lib/gcc/x86_64-linux-gnu/4.9/../../../x86_64-linux-gnu -L/usr/lib/gcc/x86_64-linux-gnu/4.9/../../../../lib -L/lib/x86_64-linux-gnu -L/lib/../lib -L/usr/lib/x86_64-linux-gnu -L/usr/lib/../lib -L/usr/lib/gcc/x86_64-linux-gnu/4.9/../../.. CMakeFiles/cmTryCompileExec3778238683.dir/CMakeCCompilerABI.c.o -lgcc --as-needed -lgcc_s --no-as-needed -lc -lgcc --as-needed -lgcc_s --no-as-needed /usr/lib/gcc/x86_64-linux-gnu/4.9/crtend.o /usr/lib/gcc/x86_64-linux-gnu/4.9/../../../x86_64-linux-gnu/crtn.o]
    arg [/usr/lib/gcc/x86_64-linux-gnu/4.9/collect2] ==> ignore
    arg [-plugin] ==> ignore
    arg [/usr/lib/gcc/x86_64-linux-gnu/4.9/liblto_plugin.so] ==> ignore
    arg [-plugin-opt=/usr/lib/gcc/x86_64-linux-gnu/4.9/lto-wrapper] ==> ignore
    arg [-plugin-opt=-fresolution=/tmp/cc5unBrQ.res] ==> ignore
    arg [-plugin-opt=-pass-through=-lgcc] ==> ignore
    arg [-plugin-opt=-pass-through=-lgcc_s] ==> ignore
    arg [-plugin-opt=-pass-through=-lc] ==> ignore
    arg [-plugin-opt=-pass-through=-lgcc] ==> ignore
    arg [-plugin-opt=-pass-through=-lgcc_s] ==> ignore
    arg [--sysroot=/] ==> ignore
    arg [--build-id] ==> ignore
    arg [--eh-frame-hdr] ==> ignore
    arg [-m] ==> ignore
    arg [elf_x86_64] ==> ignore
    arg [--hash-style=gnu] ==> ignore
    arg [-export-dynamic] ==> ignore
    arg [-dynamic-linker] ==> ignore
    arg [/lib64/ld-linux-x86-64.so.2] ==> ignore
    arg [-o] ==> ignore
    arg [cmTryCompileExec3778238683] ==> ignore
    arg [/usr/lib/gcc/x86_64-linux-gnu/4.9/../../../x86_64-linux-gnu/crt1.o] ==> ignore
    arg [/usr/lib/gcc/x86_64-linux-gnu/4.9/../../../x86_64-linux-gnu/crti.o] ==> ignore
    arg [/usr/lib/gcc/x86_64-linux-gnu/4.9/crtbegin.o] ==> ignore
    arg [-L/usr/lib/gcc/x86_64-linux-gnu/4.9] ==> dir [/usr/lib/gcc/x86_64-linux-gnu/4.9]
    arg [-L/usr/lib/gcc/x86_64-linux-gnu/4.9/../../../x86_64-linux-gnu] ==> dir [/usr/lib/gcc/x86_64-linux-gnu/4.9/../../../x86_64-linux-gnu]
    arg [-L/usr/lib/gcc/x86_64-linux-gnu/4.9/../../../../lib] ==> dir [/usr/lib/gcc/x86_64-linux-gnu/4.9/../../../../lib]
    arg [-L/lib/x86_64-linux-gnu] ==> dir [/lib/x86_64-linux-gnu]
    arg [-L/lib/../lib] ==> dir [/lib/../lib]
    arg [-L/usr/lib/x86_64-linux-gnu] ==> dir [/usr/lib/x86_64-linux-gnu]
    arg [-L/usr/lib/../lib] ==> dir [/usr/lib/../lib]
    arg [-L/usr/lib/gcc/x86_64-linux-gnu/4.9/../../..] ==> dir [/usr/lib/gcc/x86_64-linux-gnu/4.9/../../..]
    arg [CMakeFiles/cmTryCompileExec3778238683.dir/CMakeCCompilerABI.c.o] ==> ignore
    arg [-lgcc] ==> lib [gcc]
    arg [--as-needed] ==> ignore
    arg [-lgcc_s] ==> lib [gcc_s]
    arg [--no-as-needed] ==> ignore
    arg [-lc] ==> lib [c]
    arg [-lgcc] ==> lib [gcc]
    arg [--as-needed] ==> ignore
    arg [-lgcc_s] ==> lib [gcc_s]
    arg [--no-as-needed] ==> ignore
    arg [/usr/lib/gcc/x86_64-linux-gnu/4.9/crtend.o] ==> ignore
    arg [/usr/lib/gcc/x86_64-linux-gnu/4.9/../../../x86_64-linux-gnu/crtn.o] ==> ignore
  remove lib [gcc]
  remove lib [gcc_s]
  remove lib [gcc]
  remove lib [gcc_s]
  collapse library dir [/usr/lib/gcc/x86_64-linux-gnu/4.9] ==> [/usr/lib/gcc/x86_64-linux-gnu/4.9]
  collapse library dir [/usr/lib/gcc/x86_64-linux-gnu/4.9/../../../x86_64-linux-gnu] ==> [/usr/lib/x86_64-linux-gnu]
  collapse library dir [/usr/lib/gcc/x86_64-linux-gnu/4.9/../../../../lib] ==> [/usr/lib]
  collapse library dir [/lib/x86_64-linux-gnu] ==> [/lib/x86_64-linux-gnu]
  collapse library dir [/lib/../lib] ==> [/lib]
  collapse library dir [/usr/lib/x86_64-linux-gnu] ==> [/usr/lib/x86_64-linux-gnu]
  collapse library dir [/usr/lib/../lib] ==> [/usr/lib]
  collapse library dir [/usr/lib/gcc/x86_64-linux-gnu/4.9/../../..] ==> [/usr/lib]
  implicit libs: [c]
  implicit dirs: [/usr/lib/gcc/x86_64-linux-gnu/4.9;/usr/lib/x86_64-linux-gnu;/usr/lib;/lib/x86_64-linux-gnu;/lib]
  implicit fwks: []


Determining if the CXX compiler works passed with the following output:
Change Dir: /home/mntmn/code/FreeGLUT/freeglut/freeglut/CMakeFiles/CMakeTmp

Run Build Command:"/usr/bin/make" "cmTryCompileExec3939784049/fast"
/usr/bin/make -f CMakeFiles/cmTryCompileExec3939784049.dir/build.make CMakeFiles/cmTryCompileExec3939784049.dir/build
make[1]: Entering directory '/home/mntmn/code/FreeGLUT/freeglut/freeglut/CMakeFiles/CMakeTmp'
/usr/bin/cmake -E cmake_progress_report /home/mntmn/code/FreeGLUT/freeglut/freeglut/CMakeFiles/CMakeTmp/CMakeFiles 1
Building CXX object CMakeFiles/cmTryCompileExec3939784049.dir/testCXXCompiler.cxx.o
/usr/bin/c++     -o CMakeFiles/cmTryCompileExec3939784049.dir/testCXXCompiler.cxx.o -c /home/mntmn/code/FreeGLUT/freeglut/freeglut/CMakeFiles/CMakeTmp/testCXXCompiler.cxx
Linking CXX executable cmTryCompileExec3939784049
/usr/bin/cmake -E cmake_link_script CMakeFiles/cmTryCompileExec3939784049.dir/link.txt --verbose=1
/usr/bin/c++        CMakeFiles/cmTryCompileExec3939784049.dir/testCXXCompiler.cxx.o  -o cmTryCompileExec3939784049 -rdynamic 
make[1]: Leaving directory '/home/mntmn/code/FreeGLUT/freeglut/freeglut/CMakeFiles/CMakeTmp'


Detecting CXX compiler ABI info compiled with the following output:
Change Dir: /home/mntmn/code/FreeGLUT/freeglut/freeglut/CMakeFiles/CMakeTmp

Run Build Command:"/usr/bin/make" "cmTryCompileExec2538040873/fast"
/usr/bin/make -f CMakeFiles/cmTryCompileExec2538040873.dir/build.make CMakeFiles/cmTryCompileExec2538040873.dir/build
make[1]: Entering directory '/home/mntmn/code/FreeGLUT/freeglut/freeglut/CMakeFiles/CMakeTmp'
/usr/bin/cmake -E cmake_progress_report /home/mntmn/code/FreeGLUT/freeglut/freeglut/CMakeFiles/CMakeTmp/CMakeFiles 1
Building CXX object CMakeFiles/cmTryCompileExec2538040873.dir/CMakeCXXCompilerABI.cpp.o
/usr/bin/c++     -o CMakeFiles/cmTryCompileExec2538040873.dir/CMakeCXXCompilerABI.cpp.o -c /usr/share/cmake-3.0/Modules/CMakeCXXCompilerABI.cpp
Linking CXX executable cmTryCompileExec2538040873
/usr/bin/cmake -E cmake_link_script CMakeFiles/cmTryCompileExec2538040873.dir/link.txt --verbose=1
/usr/bin/c++      -v CMakeFiles/cmTryCompileExec2538040873.dir/CMakeCXXCompilerABI.cpp.o  -o cmTryCompileExec2538040873 -rdynamic  
Using built-in specs.
COLLECT_GCC=/usr/bin/c++
COLLECT_LTO_WRAPPER=/usr/lib/gcc/x86_64-linux-gnu/4.9/lto-wrapper
Target: x86_64-linux-gnu
Configured with: ../src/configure -v --with-pkgversion='Debian 4.9.1-19' --with-bugurl=file:///usr/share/doc/gcc-4.9/README.Bugs --enable-languages=c,c++,java,go,d,fortran,objc,obj-c++ --prefix=/usr --program-suffix=-4.9 --enable-shared --enable-linker-build-id --libexecdir=/usr/lib --without-included-gettext --enable-threads=posix --with-gxx-include-dir=/usr/include/c++/4.9 --libdir=/usr/lib --enable-nls --with-sysroot=/ --enable-clocale=gnu --enable-libstdcxx-debug --enable-libstdcxx-time=yes --enable-gnu-unique-object --disable-vtable-verify --enable-plugin --with-system-zlib --disable-browser-plugin --enable-java-awt=gtk --enable-gtk-cairo --with-java-home=/usr/lib/jvm/java-1.5.0-gcj-4.9-amd64/jre --enable-java-home --with-jvm-root-dir=/usr/lib/jvm/java-1.5.0-gcj-4.9-amd64 --with-jvm-jar-dir=/usr/lib/jvm-exports/java-1.5.0-gcj-4.9-amd64 --with-arch-directory=amd64 --with-ecj-jar=/usr/share/java/eclipse-ecj.jar --enable-objc-gc --enable-multiarch --with-arch-32=i586 --with-abi=m64 --with-multilib-list=m32,m64,mx32 --enable-multilib --with-tune=generic --enable-checking=release --build=x86_64-linux-gnu --host=x86_64-linux-gnu --target=x86_64-linux-gnu
Thread model: posix
gcc version 4.9.1 (Debian 4.9.1-19) 
COMPILER_PATH=/usr/lib/gcc/x86_64-linux-gnu/4.9/:/usr/lib/gcc/x86_64-linux-gnu/4.9/:/usr/lib/gcc/x86_64-linux-gnu/:/usr/lib/gcc/x86_64-linux-gnu/4.9/:/usr/lib/gcc/x86_64-linux-gnu/
LIBRARY_PATH=/usr/lib/gcc/x86_64-linux-gnu/4.9/:/usr/lib/gcc/x86_64-linux-gnu/4.9/../../../x86_64-linux-gnu/:/usr/lib/gcc/x86_64-linux-gnu/4.9/../../../../lib/:/lib/x86_64-linux-gnu/:/lib/../lib/:/usr/lib/x86_64-linux-gnu/:/usr/lib/../lib/:/usr/lib/gcc/x86_64-linux-gnu/4.9/../../../:/lib/:/usr/lib/
COLLECT_GCC_OPTIONS='-v' '-o' 'cmTryCompileExec2538040873' '-rdynamic' '-shared-libgcc' '-mtune=generic' '-march=x86-64'
 /usr/lib/gcc/x86_64-linux-gnu/4.9/collect2 -plugin /usr/lib/gcc/x86_64-linux-gnu/4.9/liblto_plugin.so -plugin-opt=/usr/lib/gcc/x86_64-linux-gnu/4.9/lto-wrapper -plugin-opt=-fresolution=/tmp/ccxklT2W.res -plugin-opt=-pass-through=-lgcc_s -plugin-opt=-pass-through=-lgcc -plugin-opt=-pass-through=-lc -plugin-opt=-pass-through=-lgcc_s -plugin-opt=-pass-through=-lgcc --sysroot=/ --build-id --eh-frame-hdr -m elf_x86_64 --hash-style=gnu -export-dynamic -dynamic-linker /lib64/ld-linux-x86-64.so.2 -o cmTryCompileExec2538040873 /usr/lib/gcc/x86_64-linux-gnu/4.9/../../../x86_64-linux-gnu/crt1.o /usr/lib/gcc/x86_64-linux-gnu/4.9/../../../x86_64-linux-gnu/crti.o /usr/lib/gcc/x86_64-linux-gnu/4.9/crtbegin.o -L/usr/lib/gcc/x86_64-linux-gnu/4.9 -L/usr/lib/gcc/x86_64-linux-gnu/4.9/../../../x86_64-linux-gnu -L/usr/lib/gcc/x86_64-linux-gnu/4.9/../../../../lib -L/lib/x86_64-linux-gnu -L/lib/../lib -L/usr/lib/x86_64-linux-gnu -L/usr/lib/../lib -L/usr/lib/gcc/x86_64-linux-gnu/4.9/../../.. CMakeFiles/cmTryCompileExec2538040873.dir/CMakeCXXCompilerABI.cpp.o -lstdc++ -lm -lgcc_s -lgcc -lc -lgcc_s -lgcc /usr/lib/gcc/x86_64-linux-gnu/4.9/crtend.o /usr/lib/gcc/x86_64-linux-gnu/4.9/../../../x86_64-linux-gnu/crtn.o
make[1]: Leaving directory '/home/mntmn/code/FreeGLUT/freeglut/freeglut/CMakeFiles/CMakeTmp'


Parsed CXX implicit link information from above output:
  link line regex: [^( *|.*[/\])(ld|([^/\]+-)?ld|collect2)[^/\]*( |$)]
  ignore line: [Change Dir: /home/mntmn/code/FreeGLUT/freeglut/freeglut/CMakeFiles/CMakeTmp]
  ignore line: []
  ignore line: [Run Build Command:"/usr/bin/make" "cmTryCompileExec2538040873/fast"]
  ignore line: [/usr/bin/make -f CMakeFiles/cmTryCompileExec2538040873.dir/build.make CMakeFiles/cmTryCompileExec2538040873.dir/build]
  ignore line: [make[1]: Entering directory '/home/mntmn/code/FreeGLUT/freeglut/freeglut/CMakeFiles/CMakeTmp']
  ignore line: [/usr/bin/cmake -E cmake_progress_report /home/mntmn/code/FreeGLUT/freeglut/freeglut/CMakeFiles/CMakeTmp/CMakeFiles 1]
  ignore line: [Building CXX object CMakeFiles/cmTryCompileExec2538040873.dir/CMakeCXXCompilerABI.cpp.o]
  ignore line: [/usr/bin/c++     -o CMakeFiles/cmTryCompileExec2538040873.dir/CMakeCXXCompilerABI.cpp.o -c /usr/share/cmake-3.0/Modules/CMakeCXXCompilerABI.cpp]
  ignore line: [Linking CXX executable cmTryCompileExec2538040873]
  ignore line: [/usr/bin/cmake -E cmake_link_script CMakeFiles/cmTryCompileExec2538040873.dir/link.txt --verbose=1]
  ignore line: [/usr/bin/c++      -v CMakeFiles/cmTryCompileExec2538040873.dir/CMakeCXXCompilerABI.cpp.o  -o cmTryCompileExec2538040873 -rdynamic  ]
  ignore line: [Using built-in specs.]
  ignore line: [COLLECT_GCC=/usr/bin/c++]
  ignore line: [COLLECT_LTO_WRAPPER=/usr/lib/gcc/x86_64-linux-gnu/4.9/lto-wrapper]
  ignore line: [Target: x86_64-linux-gnu]
  ignore line: [Configured with: ../src/configure -v --with-pkgversion='Debian 4.9.1-19' --with-bugurl=file:///usr/share/doc/gcc-4.9/README.Bugs --enable-languages=c,c++,java,go,d,fortran,objc,obj-c++ --prefix=/usr --program-suffix=-4.9 --enable-shared --enable-linker-build-id --libexecdir=/usr/lib --without-included-gettext --enable-threads=posix --with-gxx-include-dir=/usr/include/c++/4.9 --libdir=/usr/lib --enable-nls --with-sysroot=/ --enable-clocale=gnu --enable-libstdcxx-debug --enable-libstdcxx-time=yes --enable-gnu-unique-object --disable-vtable-verify --enable-plugin --with-system-zlib --disable-browser-plugin --enable-java-awt=gtk --enable-gtk-cairo --with-java-home=/usr/lib/jvm/java-1.5.0-gcj-4.9-amd64/jre --enable-java-home --with-jvm-root-dir=/usr/lib/jvm/java-1.5.0-gcj-4.9-amd64 --with-jvm-jar-dir=/usr/lib/jvm-exports/java-1.5.0-gcj-4.9-amd64 --with-arch-directory=amd64 --with-ecj-jar=/usr/share/java/eclipse-ecj.jar --enable-objc-gc --enable-multiarch --with-arch-32=i586 --with-abi=m64 --with-multilib-list=m32,m64,mx32 --enable-multilib --with-tune=generic --enable-checking=release --build=x86_64-linux-gnu --host=x86_64-linux-gnu --target=x86_64-linux-gnu]
  ignore line: [Thread model: posix]
  ignore line: [gcc version 4.9.1 (Debian 4.9.1-19) ]
  ignore line: [COMPILER_PATH=/usr/lib/gcc/x86_64-linux-gnu/4.9/:/usr/lib/gcc/x86_64-linux-gnu/4.9/:/usr/lib/gcc/x86_64-linux-gnu/:/usr/lib/gcc/x86_64-linux-gnu/4.9/:/usr/lib/gcc/x86_64-linux-gnu/]
  ignore line: [LIBRARY_PATH=/usr/lib/gcc/x86_64-linux-gnu/4.9/:/usr/lib/gcc/x86_64-linux-gnu/4.9/../../../x86_64-linux-gnu/:/usr/lib/gcc/x86_64-linux-gnu/4.9/../../../../lib/:/lib/x86_64-linux-gnu/:/lib/../lib/:/usr/lib/x86_64-linux-gnu/:/usr/lib/../lib/:/usr/lib/gcc/x86_64-linux-gnu/4.9/../../../:/lib/:/usr/lib/]
  ignore line: [COLLECT_GCC_OPTIONS='-v' '-o' 'cmTryCompileExec2538040873' '-rdynamic' '-shared-libgcc' '-mtune=generic' '-march=x86-64']
  link line: [ /usr/lib/gcc/x86_64-linux-gnu/4.9/collect2 -plugin /usr/lib/gcc/x86_64-linux-gnu/4.9/liblto_plugin.so -plugin-opt=/usr/lib/gcc/x86_64-linux-gnu/4.9/lto-wrapper -plugin-opt=-fresolution=/tmp/ccxklT2W.res -plugin-opt=-pass-through=-lgcc_s -plugin-opt=-pass-through=-lgcc -plugin-opt=-pass-through=-lc -plugin-opt=-pass-through=-lgcc_s -plugin-opt=-pass-through=-lgcc --sysroot=/ --build-id --eh-frame-hdr -m elf_x86_64 --hash-style=gnu -export-dynamic -dynamic-linker /lib64/ld-linux-x86-64.so.2 -o cmTryCompileExec2538040873 /usr/lib/gcc/x86_64-linux-gnu/4.9/../../../x86_64-linux-gnu/crt1.o /usr/lib/gcc/x86_64-linux-gnu/4.9/../../../x86_64-linux-gnu/crti.o /usr/lib/gcc/x86_64-linux-gnu/4.9/crtbegin.o -L/usr/lib/gcc/x86_64-linux-gnu/4.9 -L/usr/lib/gcc/x86_64-linux-gnu/4.9/../../../x86_64-linux-gnu -L/usr/lib/gcc/x86_64-linux-gnu/4.9/../../../../lib -L/lib/x86_64-linux-gnu -L/lib/../lib -L/usr/lib/x86_64-linux-gnu -L/usr/lib/../lib -L/usr/lib/gcc/x86_64-linux-gnu/4.9/../../.. CMakeFiles/cmTryCompileExec2538040873.dir/CMakeCXXCompilerABI.cpp.o -lstdc++ -lm -lgcc_s -lgcc -lc -lgcc_s -lgcc /usr/lib/gcc/x86_64-linux-gnu/4.9/crtend.o /usr/lib/gcc/x86_64-linux-gnu/4.9/../../../x86_64-linux-gnu/crtn.o]
    arg [/usr/lib/gcc/x86_64-linux-gnu/4.9/collect2] ==> ignore
    arg [-plugin] ==> ignore
    arg [/usr/lib/gcc/x86_64-linux-gnu/4.9/liblto_plugin.so] ==> ignore
    arg [-plugin-opt=/usr/lib/gcc/x86_64-linux-gnu/4.9/lto-wrapper] ==> ignore
    arg [-plugin-opt=-fresolution=/tmp/ccxklT2W.res] ==> ignore
    arg [-plugin-opt=-pass-through=-lgcc_s] ==> ignore
    arg [-plugin-opt=-pass-through=-lgcc] ==> ignore
    arg [-plugin-opt=-pass-through=-lc] ==> ignore
    arg [-plugin-opt=-pass-through=-lgcc_s] ==> ignore
    arg [-plugin-opt=-pass-through=-lgcc] ==> ignore
    arg [--sysroot=/] ==> ignore
    arg [--build-id] ==> ignore
    arg [--eh-frame-hdr] ==> ignore
    arg [-m] ==> ignore
    arg [elf_x86_64] ==> ignore
    arg [--hash-style=gnu] ==> ignore
    arg [-export-dynamic] ==> ignore
    arg [-dynamic-linker] ==> ignore
    arg [/lib64/ld-linux-x86-64.so.2] ==> ignore
    arg [-o] ==> ignore
    arg [cmTryCompileExec2538040873] ==> ignore
    arg [/usr/lib/gcc/x86_64-linux-gnu/4.9/../../../x86_64-linux-gnu/crt1.o] ==> ignore
    arg [/usr/lib/gcc/x86_64-linux-gnu/4.9/../../../x86_64-linux-gnu/crti.o] ==> ignore
    arg [/usr/lib/gcc/x86_64-linux-gnu/4.9/crtbegin.o] ==> ignore
    arg [-L/usr/lib/gcc/x86_64-linux-gnu/4.9] ==> dir [/usr/lib/gcc/x86_64-linux-gnu/4.9]
    arg [-L/usr/lib/gcc/x86_64-linux-gnu/4.9/../../../x86_64-linux-gnu] ==> dir [/usr/lib/gcc/x86_64-linux-gnu/4.9/../../../x86_64-linux-gnu]
    arg [-L/usr/lib/gcc/x86_64-linux-gnu/4.9/../../../../lib] ==> dir [/usr/lib/gcc/x86_64-linux-gnu/4.9/../../../../lib]
    arg [-L/lib/x86_64-linux-gnu] ==> dir [/lib/x86_64-linux-gnu]
    arg [-L/lib/../lib] ==> dir [/lib/../lib]
    arg [-L/usr/lib/x86_64-linux-gnu] ==> dir [/usr/lib/x86_64-linux-gnu]
    arg [-L/usr/lib/../lib] ==> dir [/usr/lib/../lib]
    arg [-L/usr/lib/gcc/x86_64-linux-gnu/4.9/../../..] ==> dir [/usr/lib/gcc/x86_64-linux-gnu/4.9/../../..]
    arg [CMakeFiles/cmTryCompileExec2538040873.dir/CMakeCXXCompilerABI.cpp.o] ==> ignore
    arg [-lstdc++] ==> lib [stdc++]
    arg [-lm] ==> lib [m]
    arg [-lgcc_s] ==> lib [gcc_s]
    arg [-lgcc] ==> lib [gcc]
    arg [-lc] ==> lib [c]
    arg [-lgcc_s] ==> lib [gcc_s]
    arg [-lgcc] ==> lib [gcc]
    arg [/usr/lib/gcc/x86_64-linux-gnu/4.9/crtend.o] ==> ignore
    arg [/usr/lib/gcc/x86_64-linux-gnu/4.9/../../../x86_64-linux-gnu/crtn.o] ==> ignore
  remove lib [gcc_s]
  remove lib [gcc]
  remove lib [gcc_s]
  remove lib [gcc]
  collapse library dir [/usr/lib/gcc/x86_64-linux-gnu/4.9] ==> [/usr/lib/gcc/x86_64-linux-gnu/4.9]
  collapse library dir [/usr/lib/gcc/x86_64-linux-gnu/4.9/../../../x86_64-linux-gnu] ==> [/usr/lib/x86_64-linux-gnu]
  collapse library dir [/usr/lib/gcc/x86_64-linux-gnu/4.9/../../../../lib] ==> [/usr/lib]
  collapse library dir [/lib/x86_64-linux-gnu] ==> [/lib/x86_64-linux-gnu]
  collapse library dir [/lib/../lib] ==> [/lib]
  collapse library dir [/usr/lib/x86_64-linux-gnu] ==> [/usr/lib/x86_64-linux-gnu]
  collapse library dir [/usr/lib/../lib] ==> [/usr/lib]
  collapse library dir [/usr/lib/gcc/x86_64-linux-gnu/4.9/../../..] ==> [/usr/lib]
  implicit libs: [stdc++;m;c]
  implicit dirs: [/usr/lib/gcc/x86_64-linux-gnu/4.9;/usr/lib/x86_64-linux-gnu;/usr/lib;/lib/x86_64-linux-gnu;/lib]
  implicit fwks: []


Determining if the function XOpenDisplay exists in the /usr/lib/x86_64-linux-gnu/libX11.so;/usr/lib/x86_64-linux-gnu/libXext.so passed with the following output:
Change Dir: /home/mntmn/code/FreeGLUT/freeglut/freeglut/CMakeFiles/CMakeTmp

Run Build Command:"/usr/bin/make" "cmTryCompileExec1497783735/fast"
/usr/bin/make -f CMakeFiles/cmTryCompileExec1497783735.dir/build.make CMakeFiles/cmTryCompileExec1497783735.dir/build
make[1]: Entering directory '/home/mntmn/code/FreeGLUT/freeglut/freeglut/CMakeFiles/CMakeTmp'
/usr/bin/cmake -E cmake_progress_report /home/mntmn/code/FreeGLUT/freeglut/freeglut/CMakeFiles/CMakeTmp/CMakeFiles 1
Building C object CMakeFiles/cmTryCompileExec1497783735.dir/CheckFunctionExists.c.o
/usr/bin/cc   -DCHECK_FUNCTION_EXISTS=XOpenDisplay   -o CMakeFiles/cmTryCompileExec1497783735.dir/CheckFunctionExists.c.o   -c /usr/share/cmake-3.0/Modules/CheckFunctionExists.c
Linking C executable cmTryCompileExec1497783735
/usr/bin/cmake -E cmake_link_script CMakeFiles/cmTryCompileExec1497783735.dir/link.txt --verbose=1
/usr/bin/cc   -DCHECK_FUNCTION_EXISTS=XOpenDisplay    CMakeFiles/cmTryCompileExec1497783735.dir/CheckFunctionExists.c.o  -o cmTryCompileExec1497783735 -rdynamic -lX11 -lXext 
make[1]: Leaving directory '/home/mntmn/code/FreeGLUT/freeglut/freeglut/CMakeFiles/CMakeTmp'


Determining if the function gethostbyname exists passed with the following output:
Change Dir: /home/mntmn/code/FreeGLUT/freeglut/freeglut/CMakeFiles/CMakeTmp

Run Build Command:"/usr/bin/make" "cmTryCompileExec4145979164/fast"
/usr/bin/make -f CMakeFiles/cmTryCompileExec4145979164.dir/build.make CMakeFiles/cmTryCompileExec4145979164.dir/build
make[1]: Entering directory '/home/mntmn/code/FreeGLUT/freeglut/freeglut/CMakeFiles/CMakeTmp'
/usr/bin/cmake -E cmake_progress_report /home/mntmn/code/FreeGLUT/freeglut/freeglut/CMakeFiles/CMakeTmp/CMakeFiles 1
Building C object CMakeFiles/cmTryCompileExec4145979164.dir/CheckFunctionExists.c.o
/usr/bin/cc   -DCHECK_FUNCTION_EXISTS=gethostbyname   -o CMakeFiles/cmTryCompileExec4145979164.dir/CheckFunctionExists.c.o   -c /usr/share/cmake-3.0/Modules/CheckFunctionExists.c
Linking C executable cmTryCompileExec4145979164
/usr/bin/cmake -E cmake_link_script CMakeFiles/cmTryCompileExec4145979164.dir/link.txt --verbose=1
/usr/bin/cc   -DCHECK_FUNCTION_EXISTS=gethostbyname    CMakeFiles/cmTryCompileExec4145979164.dir/CheckFunctionExists.c.o  -o cmTryCompileExec4145979164 -rdynamic 
make[1]: Leaving directory '/home/mntmn/code/FreeGLUT/freeglut/freeglut/CMakeFiles/CMakeTmp'


Determining if the function connect exists passed with the following output:
Change Dir: /home/mntmn/code/FreeGLUT/freeglut/freeglut/CMakeFiles/CMakeTmp

Run Build Command:"/usr/bin/make" "cmTryCompileExec861476742/fast"
/usr/bin/make -f CMakeFiles/cmTryCompileExec861476742.dir/build.make CMakeFiles/cmTryCompileExec861476742.dir/build
make[1]: Entering directory '/home/mntmn/code/FreeGLUT/freeglut/freeglut/CMakeFiles/CMakeTmp'
/usr/bin/cmake -E cmake_progress_report /home/mntmn/code/FreeGLUT/freeglut/freeglut/CMakeFiles/CMakeTmp/CMakeFiles 1
Building C object CMakeFiles/cmTryCompileExec861476742.dir/CheckFunctionExists.c.o
/usr/bin/cc   -DCHECK_FUNCTION_EXISTS=connect   -o CMakeFiles/cmTryCompileExec861476742.dir/CheckFunctionExists.c.o   -c /usr/share/cmake-3.0/Modules/CheckFunctionExists.c
Linking C executable cmTryCompileExec861476742
/usr/bin/cmake -E cmake_link_script CMakeFiles/cmTryCompileExec861476742.dir/link.txt --verbose=1
/usr/bin/cc   -DCHECK_FUNCTION_EXISTS=connect    CMakeFiles/cmTryCompileExec861476742.dir/CheckFunctionExists.c.o  -o cmTryCompileExec861476742 -rdynamic 
make[1]: Leaving directory '/home/mntmn/code/FreeGLUT/freeglut/freeglut/CMakeFiles/CMakeTmp'


Determining if the function remove exists passed with the following output:
Change Dir: /home/mntmn/code/FreeGLUT/freeglut/freeglut/CMakeFiles/CMakeTmp

Run Build Command:"/usr/bin/make" "cmTryCompileExec356026050/fast"
/usr/bin/make -f CMakeFiles/cmTryCompileExec356026050.dir/build.make CMakeFiles/cmTryCompileExec356026050.dir/build
make[1]: Entering directory '/home/mntmn/code/FreeGLUT/freeglut/freeglut/CMakeFiles/CMakeTmp'
/usr/bin/cmake -E cmake_progress_report /home/mntmn/code/FreeGLUT/freeglut/freeglut/CMakeFiles/CMakeTmp/CMakeFiles 1
Building C object CMakeFiles/cmTryCompileExec356026050.dir/CheckFunctionExists.c.o
/usr/bin/cc   -DCHECK_FUNCTION_EXISTS=remove   -o CMakeFiles/cmTryCompileExec356026050.dir/CheckFunctionExists.c.o   -c /usr/share/cmake-3.0/Modules/CheckFunctionExists.c
Linking C executable cmTryCompileExec356026050
/usr/bin/cmake -E cmake_link_script CMakeFiles/cmTryCompileExec356026050.dir/link.txt --verbose=1
/usr/bin/cc   -DCHECK_FUNCTION_EXISTS=remove    CMakeFiles/cmTryCompileExec356026050.dir/CheckFunctionExists.c.o  -o cmTryCompileExec356026050 -rdynamic 
make[1]: Leaving directory '/home/mntmn/code/FreeGLUT/freeglut/freeglut/CMakeFiles/CMakeTmp'


Determining if the function shmat exists passed with the following output:
Change Dir: /home/mntmn/code/FreeGLUT/freeglut/freeglut/CMakeFiles/CMakeTmp

Run Build Command:"/usr/bin/make" "cmTryCompileExec1421981051/fast"
/usr/bin/make -f CMakeFiles/cmTryCompileExec1421981051.dir/build.make CMakeFiles/cmTryCompileExec1421981051.dir/build
make[1]: Entering directory '/home/mntmn/code/FreeGLUT/freeglut/freeglut/CMakeFiles/CMakeTmp'
/usr/bin/cmake -E cmake_progress_report /home/mntmn/code/FreeGLUT/freeglut/freeglut/CMakeFiles/CMakeTmp/CMakeFiles 1
Building C object CMakeFiles/cmTryCompileExec1421981051.dir/CheckFunctionExists.c.o
/usr/bin/cc   -DCHECK_FUNCTION_EXISTS=shmat   -o CMakeFiles/cmTryCompileExec1421981051.dir/CheckFunctionExists.c.o   -c /usr/share/cmake-3.0/Modules/CheckFunctionExists.c
Linking C executable cmTryCompileExec1421981051
/usr/bin/cmake -E cmake_link_script CMakeFiles/cmTryCompileExec1421981051.dir/link.txt --verbose=1
/usr/bin/cc   -DCHECK_FUNCTION_EXISTS=shmat    CMakeFiles/cmTryCompileExec1421981051.dir/CheckFunctionExists.c.o  -o cmTryCompileExec1421981051 -rdynamic 
make[1]: Leaving directory '/home/mntmn/code/FreeGLUT/freeglut/freeglut/CMakeFiles/CMakeTmp'


Determining if the function IceConnectionNumber exists in the ICE passed with the following output:
Change Dir: /home/mntmn/code/FreeGLUT/freeglut/freeglut/CMakeFiles/CMakeTmp

Run Build Command:"/usr/bin/make" "cmTryCompileExec3559096132/fast"
/usr/bin/make -f CMakeFiles/cmTryCompileExec3559096132.dir/build.make CMakeFiles/cmTryCompileExec3559096132.dir/build
make[1]: Entering directory '/home/mntmn/code/FreeGLUT/freeglut/freeglut/CMakeFiles/CMakeTmp'
/usr/bin/cmake -E cmake_progress_report /home/mntmn/code/FreeGLUT/freeglut/freeglut/CMakeFiles/CMakeTmp/CMakeFiles 1
Building C object CMakeFiles/cmTryCompileExec3559096132.dir/CheckFunctionExists.c.o
/usr/bin/cc   -DCHECK_FUNCTION_EXISTS=IceConnectionNumber   -o CMakeFiles/cmTryCompileExec3559096132.dir/CheckFunctionExists.c.o   -c /usr/share/cmake-3.0/Modules/CheckFunctionExists.c
Linking C executable cmTryCompileExec3559096132
/usr/bin/cmake -E cmake_link_script CMakeFiles/cmTryCompileExec3559096132.dir/link.txt --verbose=1
/usr/bin/cc   -DCHECK_FUNCTION_EXISTS=IceConnectionNumber    CMakeFiles/cmTryCompileExec3559096132.dir/CheckFunctionExists.c.o  -o cmTryCompileExec3559096132 -rdynamic -lICE 
make[1]: Leaving directory '/home/mntmn/code/FreeGLUT/freeglut/freeglut/CMakeFiles/CMakeTmp'


Determining if files /usr/include/X11/extensions/XInput2.h exist passed with the following output:
Change Dir: /home/mntmn/code/FreeGLUT/freeglut/freeglut/CMakeFiles/CMakeTmp

Run Build Command:"/usr/bin/make" "cmTryCompileExec1379100408/fast"
/usr/bin/make -f CMakeFiles/cmTryCompileExec1379100408.dir/build.make CMakeFiles/cmTryCompileExec1379100408.dir/build
make[1]: Entering directory '/home/mntmn/code/FreeGLUT/freeglut/freeglut/CMakeFiles/CMakeTmp'
/usr/bin/cmake -E cmake_progress_report /home/mntmn/code/FreeGLUT/freeglut/freeglut/CMakeFiles/CMakeTmp/CMakeFiles 1
Building C object CMakeFiles/cmTryCompileExec1379100408.dir/CheckIncludeFiles.c.o
/usr/bin/cc   -Wall -pedantic    -o CMakeFiles/cmTryCompileExec1379100408.dir/CheckIncludeFiles.c.o   -c /home/mntmn/code/FreeGLUT/freeglut/freeglut/CMakeFiles/CMakeTmp/CheckIncludeFiles.c
Linking C executable cmTryCompileExec1379100408
/usr/bin/cmake -E cmake_link_script CMakeFiles/cmTryCompileExec1379100408.dir/link.txt --verbose=1
/usr/bin/cc   -Wall -pedantic     CMakeFiles/cmTryCompileExec1379100408.dir/CheckIncludeFiles.c.o  -o cmTryCompileExec1379100408 -rdynamic 
make[1]: Leaving directory '/home/mntmn/code/FreeGLUT/freeglut/freeglut/CMakeFiles/CMakeTmp'


Determining if files sys/types.h exist passed with the following output:
Change Dir: /home/mntmn/code/FreeGLUT/freeglut/freeglut/CMakeFiles/CMakeTmp

Run Build Command:"/usr/bin/make" "cmTryCompileExec1795855015/fast"
/usr/bin/make -f CMakeFiles/cmTryCompileExec1795855015.dir/build.make CMakeFiles/cmTryCompileExec1795855015.dir/build
make[1]: Entering directory '/home/mntmn/code/FreeGLUT/freeglut/freeglut/CMakeFiles/CMakeTmp'
/usr/bin/cmake -E cmake_progress_report /home/mntmn/code/FreeGLUT/freeglut/freeglut/CMakeFiles/CMakeTmp/CMakeFiles 1
Building C object CMakeFiles/cmTryCompileExec1795855015.dir/CheckIncludeFiles.c.o
/usr/bin/cc   -Wall -pedantic    -o CMakeFiles/cmTryCompileExec1795855015.dir/CheckIncludeFiles.c.o   -c /home/mntmn/code/FreeGLUT/freeglut/freeglut/CMakeFiles/CMakeTmp/CheckIncludeFiles.c
Linking C executable cmTryCompileExec1795855015
/usr/bin/cmake -E cmake_link_script CMakeFiles/cmTryCompileExec1795855015.dir/link.txt --verbose=1
/usr/bin/cc   -Wall -pedantic     CMakeFiles/cmTryCompileExec1795855015.dir/CheckIncludeFiles.c.o  -o cmTryCompileExec1795855015 -rdynamic 
make[1]: Leaving directory '/home/mntmn/code/FreeGLUT/freeglut/freeglut/CMakeFiles/CMakeTmp'


Determining if files unistd.h exist passed with the following output:
Change Dir: /home/mntmn/code/FreeGLUT/freeglut/freeglut/CMakeFiles/CMakeTmp

Run Build Command:"/usr/bin/make" "cmTryCompileExec3091241236/fast"
/usr/bin/make -f CMakeFiles/cmTryCompileExec3091241236.dir/build.make CMakeFiles/cmTryCompileExec3091241236.dir/build
make[1]: Entering directory '/home/mntmn/code/FreeGLUT/freeglut/freeglut/CMakeFiles/CMakeTmp'
/usr/bin/cmake -E cmake_progress_report /home/mntmn/code/FreeGLUT/freeglut/freeglut/CMakeFiles/CMakeTmp/CMakeFiles 1
Building C object CMakeFiles/cmTryCompileExec3091241236.dir/CheckIncludeFiles.c.o
/usr/bin/cc   -Wall -pedantic    -o CMakeFiles/cmTryCompileExec3091241236.dir/CheckIncludeFiles.c.o   -c /home/mntmn/code/FreeGLUT/freeglut/freeglut/CMakeFiles/CMakeTmp/CheckIncludeFiles.c
Linking C executable cmTryCompileExec3091241236
/usr/bin/cmake -E cmake_link_script CMakeFiles/cmTryCompileExec3091241236.dir/link.txt --verbose=1
/usr/bin/cc   -Wall -pedantic     CMakeFiles/cmTryCompileExec3091241236.dir/CheckIncludeFiles.c.o  -o cmTryCompileExec3091241236 -rdynamic 
make[1]: Leaving directory '/home/mntmn/code/FreeGLUT/freeglut/freeglut/CMakeFiles/CMakeTmp'


Determining if files sys/time.h exist passed with the following output:
Change Dir: /home/mntmn/code/FreeGLUT/freeglut/freeglut/CMakeFiles/CMakeTmp

Run Build Command:"/usr/bin/make" "cmTryCompileExec605724905/fast"
/usr/bin/make -f CMakeFiles/cmTryCompileExec605724905.dir/build.make CMakeFiles/cmTryCompileExec605724905.dir/build
make[1]: Entering directory '/home/mntmn/code/FreeGLUT/freeglut/freeglut/CMakeFiles/CMakeTmp'
/usr/bin/cmake -E cmake_progress_report /home/mntmn/code/FreeGLUT/freeglut/freeglut/CMakeFiles/CMakeTmp/CMakeFiles 1
Building C object CMakeFiles/cmTryCompileExec605724905.dir/CheckIncludeFiles.c.o
/usr/bin/cc   -Wall -pedantic    -o CMakeFiles/cmTryCompileExec605724905.dir/CheckIncludeFiles.c.o   -c /home/mntmn/code/FreeGLUT/freeglut/freeglut/CMakeFiles/CMakeTmp/CheckIncludeFiles.c
Linking C executable cmTryCompileExec605724905
/usr/bin/cmake -E cmake_link_script CMakeFiles/cmTryCompileExec605724905.dir/link.txt --verbose=1
/usr/bin/cc   -Wall -pedantic     CMakeFiles/cmTryCompileExec605724905.dir/CheckIncludeFiles.c.o  -o cmTryCompileExec605724905 -rdynamic 
make[1]: Leaving directory '/home/mntmn/code/FreeGLUT/freeglut/freeglut/CMakeFiles/CMakeTmp'


Determining if files stdbool.h exist passed with the following output:
Change Dir: /home/mntmn/code/FreeGLUT/freeglut/freeglut/CMakeFiles/CMakeTmp

Run Build Command:"/usr/bin/make" "cmTryCompileExec75795540/fast"
/usr/bin/make -f CMakeFiles/cmTryCompileExec75795540.dir/build.make CMakeFiles/cmTryCompileExec75795540.dir/build
make[1]: Entering directory '/home/mntmn/code/FreeGLUT/freeglut/freeglut/CMakeFiles/CMakeTmp'
/usr/bin/cmake -E cmake_progress_report /home/mntmn/code/FreeGLUT/freeglut/freeglut/CMakeFiles/CMakeTmp/CMakeFiles 1
Building C object CMakeFiles/cmTryCompileExec75795540.dir/CheckIncludeFiles.c.o
/usr/bin/cc   -Wall -pedantic    -o CMakeFiles/cmTryCompileExec75795540.dir/CheckIncludeFiles.c.o   -c /home/mntmn/code/FreeGLUT/freeglut/freeglut/CMakeFiles/CMakeTmp/CheckIncludeFiles.c
Linking C executable cmTryCompileExec75795540
/usr/bin/cmake -E cmake_link_script CMakeFiles/cmTryCompileExec75795540.dir/link.txt --verbose=1
/usr/bin/cc   -Wall -pedantic     CMakeFiles/cmTryCompileExec75795540.dir/CheckIncludeFiles.c.o  -o cmTryCompileExec75795540 -rdynamic 
make[1]: Leaving directory '/home/mntmn/code/FreeGLUT/freeglut/freeglut/CMakeFiles/CMakeTmp'


Determining if files sys/param.h exist passed with the following output:
Change Dir: /home/mntmn/code/FreeGLUT/freeglut/freeglut/CMakeFiles/CMakeTmp

Run Build Command:"/usr/bin/make" "cmTryCompileExec3836258716/fast"
/usr/bin/make -f CMakeFiles/cmTryCompileExec3836258716.dir/build.make CMakeFiles/cmTryCompileExec3836258716.dir/build
make[1]: Entering directory '/home/mntmn/code/FreeGLUT/freeglut/freeglut/CMakeFiles/CMakeTmp'
/usr/bin/cmake -E cmake_progress_report /home/mntmn/code/FreeGLUT/freeglut/freeglut/CMakeFiles/CMakeTmp/CMakeFiles 1
Building C object CMakeFiles/cmTryCompileExec3836258716.dir/CheckIncludeFiles.c.o
/usr/bin/cc   -Wall -pedantic    -o CMakeFiles/cmTryCompileExec3836258716.dir/CheckIncludeFiles.c.o   -c /home/mntmn/code/FreeGLUT/freeglut/freeglut/CMakeFiles/CMakeTmp/CheckIncludeFiles.c
Linking C executable cmTryCompileExec3836258716
/usr/bin/cmake -E cmake_link_script CMakeFiles/cmTryCompileExec3836258716.dir/link.txt --verbose=1
/usr/bin/cc   -Wall -pedantic     CMakeFiles/cmTryCompileExec3836258716.dir/CheckIncludeFiles.c.o  -o cmTryCompileExec3836258716 -rdynamic 
make[1]: Leaving directory '/home/mntmn/code/FreeGLUT/freeglut/freeglut/CMakeFiles/CMakeTmp'


Determining if files sys/ioctl.h exist passed with the following output:
Change Dir: /home/mntmn/code/FreeGLUT/freeglut/freeglut/CMakeFiles/CMakeTmp

Run Build Command:"/usr/bin/make" "cmTryCompileExec2223620204/fast"
/usr/bin/make -f CMakeFiles/cmTryCompileExec2223620204.dir/build.make CMakeFiles/cmTryCompileExec2223620204.dir/build
make[1]: Entering directory '/home/mntmn/code/FreeGLUT/freeglut/freeglut/CMakeFiles/CMakeTmp'
/usr/bin/cmake -E cmake_progress_report /home/mntmn/code/FreeGLUT/freeglut/freeglut/CMakeFiles/CMakeTmp/CMakeFiles 1
Building C object CMakeFiles/cmTryCompileExec2223620204.dir/CheckIncludeFiles.c.o
/usr/bin/cc   -Wall -pedantic    -o CMakeFiles/cmTryCompileExec2223620204.dir/CheckIncludeFiles.c.o   -c /home/mntmn/code/FreeGLUT/freeglut/freeglut/CMakeFiles/CMakeTmp/CheckIncludeFiles.c
Linking C executable cmTryCompileExec2223620204
/usr/bin/cmake -E cmake_link_script CMakeFiles/cmTryCompileExec2223620204.dir/link.txt --verbose=1
/usr/bin/cc   -Wall -pedantic     CMakeFiles/cmTryCompileExec2223620204.dir/CheckIncludeFiles.c.o  -o cmTryCompileExec2223620204 -rdynamic 
make[1]: Leaving directory '/home/mntmn/code/FreeGLUT/freeglut/freeglut/CMakeFiles/CMakeTmp'


Determining if files fcntl.h exist passed with the following output:
Change Dir: /home/mntmn/code/FreeGLUT/freeglut/freeglut/CMakeFiles/CMakeTmp

Run Build Command:"/usr/bin/make" "cmTryCompileExec3912371594/fast"
/usr/bin/make -f CMakeFiles/cmTryCompileExec3912371594.dir/build.make CMakeFiles/cmTryCompileExec3912371594.dir/build
make[1]: Entering directory '/home/mntmn/code/FreeGLUT/freeglut/freeglut/CMakeFiles/CMakeTmp'
/usr/bin/cmake -E cmake_progress_report /home/mntmn/code/FreeGLUT/freeglut/freeglut/CMakeFiles/CMakeTmp/CMakeFiles 1
Building C object CMakeFiles/cmTryCompileExec3912371594.dir/CheckIncludeFiles.c.o
/usr/bin/cc   -Wall -pedantic    -o CMakeFiles/cmTryCompileExec3912371594.dir/CheckIncludeFiles.c.o   -c /home/mntmn/code/FreeGLUT/freeglut/freeglut/CMakeFiles/CMakeTmp/CheckIncludeFiles.c
Linking C executable cmTryCompileExec3912371594
/usr/bin/cmake -E cmake_link_script CMakeFiles/cmTryCompileExec3912371594.dir/link.txt --verbose=1
/usr/bin/cc   -Wall -pedantic     CMakeFiles/cmTryCompileExec3912371594.dir/CheckIncludeFiles.c.o  -o cmTryCompileExec3912371594 -rdynamic 
make[1]: Leaving directory '/home/mntmn/code/FreeGLUT/freeglut/freeglut/CMakeFiles/CMakeTmp'


Determining if the function gettimeofday exists passed with the following output:
Change Dir: /home/mntmn/code/FreeGLUT/freeglut/freeglut/CMakeFiles/CMakeTmp

Run Build Command:"/usr/bin/make" "cmTryCompileExec2513360895/fast"
/usr/bin/make -f CMakeFiles/cmTryCompileExec2513360895.dir/build.make CMakeFiles/cmTryCompileExec2513360895.dir/build
make[1]: Entering directory '/home/mntmn/code/FreeGLUT/freeglut/freeglut/CMakeFiles/CMakeTmp'
/usr/bin/cmake -E cmake_progress_report /home/mntmn/code/FreeGLUT/freeglut/freeglut/CMakeFiles/CMakeTmp/CMakeFiles 1
Building C object CMakeFiles/cmTryCompileExec2513360895.dir/CheckFunctionExists.c.o
/usr/bin/cc   -Wall -pedantic -DCHECK_FUNCTION_EXISTS=gettimeofday   -o CMakeFiles/cmTryCompileExec2513360895.dir/CheckFunctionExists.c.o   -c /usr/share/cmake-3.0/Modules/CheckFunctionExists.c
Linking C executable cmTryCompileExec2513360895
/usr/bin/cmake -E cmake_link_script CMakeFiles/cmTryCompileExec2513360895.dir/link.txt --verbose=1
/usr/bin/cc   -Wall -pedantic -DCHECK_FUNCTION_EXISTS=gettimeofday    CMakeFiles/cmTryCompileExec2513360895.dir/CheckFunctionExists.c.o  -o cmTryCompileExec2513360895 -rdynamic -lm 
make[1]: Leaving directory '/home/mntmn/code/FreeGLUT/freeglut/freeglut/CMakeFiles/CMakeTmp'


Determining if files stdint.h exist passed with the following output:
Change Dir: /home/mntmn/code/FreeGLUT/freeglut/freeglut/CMakeFiles/CMakeTmp

Run Build Command:"/usr/bin/make" "cmTryCompileExec1891257846/fast"
/usr/bin/make -f CMakeFiles/cmTryCompileExec1891257846.dir/build.make CMakeFiles/cmTryCompileExec1891257846.dir/build
make[1]: Entering directory '/home/mntmn/code/FreeGLUT/freeglut/freeglut/CMakeFiles/CMakeTmp'
/usr/bin/cmake -E cmake_progress_report /home/mntmn/code/FreeGLUT/freeglut/freeglut/CMakeFiles/CMakeTmp/CMakeFiles 1
Building C object CMakeFiles/cmTryCompileExec1891257846.dir/CheckIncludeFiles.c.o
/usr/bin/cc   -Wall -pedantic    -o CMakeFiles/cmTryCompileExec1891257846.dir/CheckIncludeFiles.c.o   -c /home/mntmn/code/FreeGLUT/freeglut/freeglut/CMakeFiles/CMakeTmp/CheckIncludeFiles.c
Linking C executable cmTryCompileExec1891257846
/usr/bin/cmake -E cmake_link_script CMakeFiles/cmTryCompileExec1891257846.dir/link.txt --verbose=1
/usr/bin/cc   -Wall -pedantic     CMakeFiles/cmTryCompileExec1891257846.dir/CheckIncludeFiles.c.o  -o cmTryCompileExec1891257846 -rdynamic 
make[1]: Leaving directory '/home/mntmn/code/FreeGLUT/freeglut/freeglut/CMakeFiles/CMakeTmp'


Determining if files inttypes.h exist passed with the following output:
Change Dir: /home/mntmn/code/FreeGLUT/freeglut/freeglut/CMakeFiles/CMakeTmp

Run Build Command:"/usr/bin/make" "cmTryCompileExec2850099702/fast"
/usr/bin/make -f CMakeFiles/cmTryCompileExec2850099702.dir/build.make CMakeFiles/cmTryCompileExec2850099702.dir/build
make[1]: Entering directory '/home/mntmn/code/FreeGLUT/freeglut/freeglut/CMakeFiles/CMakeTmp'
/usr/bin/cmake -E cmake_progress_report /home/mntmn/code/FreeGLUT/freeglut/freeglut/CMakeFiles/CMakeTmp/CMakeFiles 1
Building C object CMakeFiles/cmTryCompileExec2850099702.dir/CheckIncludeFiles.c.o
/usr/bin/cc   -Wall -pedantic    -o CMakeFiles/cmTryCompileExec2850099702.dir/CheckIncludeFiles.c.o   -c /home/mntmn/code/FreeGLUT/freeglut/freeglut/CMakeFiles/CMakeTmp/CheckIncludeFiles.c
Linking C executable cmTryCompileExec2850099702
/usr/bin/cmake -E cmake_link_script CMakeFiles/cmTryCompileExec2850099702.dir/link.txt --verbose=1
/usr/bin/cc   -Wall -pedantic     CMakeFiles/cmTryCompileExec2850099702.dir/CheckIncludeFiles.c.o  -o cmTryCompileExec2850099702 -rdynamic 
make[1]: Leaving directory '/home/mntmn/code/FreeGLUT/freeglut/freeglut/CMakeFiles/CMakeTmp'


Determining if the function XOpenDisplay exists in the /usr/lib/x86_64-linux-gnu/libX11.so;/usr/lib/x86_64-linux-gnu/libXext.so passed with the following output:
Change Dir: /home/mntmn/code/produce/freeglut/CMakeFiles/CMakeTmp

Run Build Command:"/usr/bin/make" "cmTryCompileExec3037083654/fast"
/usr/bin/make -f CMakeFiles/cmTryCompileExec3037083654.dir/build.make CMakeFiles/cmTryCompileExec3037083654.dir/build
make[1]: Entering directory '/home/mntmn/code/produce/freeglut/CMakeFiles/CMakeTmp'
/usr/bin/cmake -E cmake_progress_report /home/mntmn/code/produce/freeglut/CMakeFiles/CMakeTmp/CMakeFiles 1
Building C object CMakeFiles/cmTryCompileExec3037083654.dir/CheckFunctionExists.c.o
/usr/bin/cc   -DCHECK_FUNCTION_EXISTS=XOpenDisplay   -o CMakeFiles/cmTryCompileExec3037083654.dir/CheckFunctionExists.c.o   -c /usr/share/cmake-3.0/Modules/CheckFunctionExists.c
Linking C executable cmTryCompileExec3037083654
/usr/bin/cmake -E cmake_link_script CMakeFiles/cmTryCompileExec3037083654.dir/link.txt --verbose=1
/usr/bin/cc   -DCHECK_FUNCTION_EXISTS=XOpenDisplay    CMakeFiles/cmTryCompileExec3037083654.dir/CheckFunctionExists.c.o  -o cmTryCompileExec3037083654 -rdynamic -lX11 -lXext 
make[1]: Leaving directory '/home/mntmn/code/produce/freeglut/CMakeFiles/CMakeTmp'


Determining if the function gethostbyname exists passed with the following output:
Change Dir: /home/mntmn/code/produce/freeglut/CMakeFiles/CMakeTmp

Run Build Command:"/usr/bin/make" "cmTryCompileExec3376608515/fast"
/usr/bin/make -f CMakeFiles/cmTryCompileExec3376608515.dir/build.make CMakeFiles/cmTryCompileExec3376608515.dir/build
make[1]: Entering directory '/home/mntmn/code/produce/freeglut/CMakeFiles/CMakeTmp'
/usr/bin/cmake -E cmake_progress_report /home/mntmn/code/produce/freeglut/CMakeFiles/CMakeTmp/CMakeFiles 1
Building C object CMakeFiles/cmTryCompileExec3376608515.dir/CheckFunctionExists.c.o
/usr/bin/cc   -DCHECK_FUNCTION_EXISTS=gethostbyname   -o CMakeFiles/cmTryCompileExec3376608515.dir/CheckFunctionExists.c.o   -c /usr/share/cmake-3.0/Modules/CheckFunctionExists.c
Linking C executable cmTryCompileExec3376608515
/usr/bin/cmake -E cmake_link_script CMakeFiles/cmTryCompileExec3376608515.dir/link.txt --verbose=1
/usr/bin/cc   -DCHECK_FUNCTION_EXISTS=gethostbyname    CMakeFiles/cmTryCompileExec3376608515.dir/CheckFunctionExists.c.o  -o cmTryCompileExec3376608515 -rdynamic 
make[1]: Leaving directory '/home/mntmn/code/produce/freeglut/CMakeFiles/CMakeTmp'


Determining if the function connect exists passed with the following output:
Change Dir: /home/mntmn/code/produce/freeglut/CMakeFiles/CMakeTmp

Run Build Command:"/usr/bin/make" "cmTryCompileExec4183446173/fast"
/usr/bin/make -f CMakeFiles/cmTryCompileExec4183446173.dir/build.make CMakeFiles/cmTryCompileExec4183446173.dir/build
make[1]: Entering directory '/home/mntmn/code/produce/freeglut/CMakeFiles/CMakeTmp'
/usr/bin/cmake -E cmake_progress_report /home/mntmn/code/produce/freeglut/CMakeFiles/CMakeTmp/CMakeFiles 1
Building C object CMakeFiles/cmTryCompileExec4183446173.dir/CheckFunctionExists.c.o
/usr/bin/cc   -DCHECK_FUNCTION_EXISTS=connect   -o CMakeFiles/cmTryCompileExec4183446173.dir/CheckFunctionExists.c.o   -c /usr/share/cmake-3.0/Modules/CheckFunctionExists.c
Linking C executable cmTryCompileExec4183446173
/usr/bin/cmake -E cmake_link_script CMakeFiles/cmTryCompileExec4183446173.dir/link.txt --verbose=1
/usr/bin/cc   -DCHECK_FUNCTION_EXISTS=connect    CMakeFiles/cmTryCompileExec4183446173.dir/CheckFunctionExists.c.o  -o cmTryCompileExec4183446173 -rdynamic 
make[1]: Leaving directory '/home/mntmn/code/produce/freeglut/CMakeFiles/CMakeTmp'


Determining if the function remove exists passed with the following output:
Change Dir: /home/mntmn/code/produce/freeglut/CMakeFiles/CMakeTmp

Run Build Command:"/usr/bin/make" "cmTryCompileExec2727857939/fast"
/usr/bin/make -f CMakeFiles/cmTryCompileExec2727857939.dir/build.make CMakeFiles/cmTryCompileExec2727857939.dir/build
make[1]: Entering directory '/home/mntmn/code/produce/freeglut/CMakeFiles/CMakeTmp'
/usr/bin/cmake -E cmake_progress_report /home/mntmn/code/produce/freeglut/CMakeFiles/CMakeTmp/CMakeFiles 1
Building C object CMakeFiles/cmTryCompileExec2727857939.dir/CheckFunctionExists.c.o
/usr/bin/cc   -DCHECK_FUNCTION_EXISTS=remove   -o CMakeFiles/cmTryCompileExec2727857939.dir/CheckFunctionExists.c.o   -c /usr/share/cmake-3.0/Modules/CheckFunctionExists.c
Linking C executable cmTryCompileExec2727857939
/usr/bin/cmake -E cmake_link_script CMakeFiles/cmTryCompileExec2727857939.dir/link.txt --verbose=1
/usr/bin/cc   -DCHECK_FUNCTION_EXISTS=remove    CMakeFiles/cmTryCompileExec2727857939.dir/CheckFunctionExists.c.o  -o cmTryCompileExec2727857939 -rdynamic 
make[1]: Leaving directory '/home/mntmn/code/produce/freeglut/CMakeFiles/CMakeTmp'


Determining if the function shmat exists passed with the following output:
Change Dir: /home/mntmn/code/produce/freeglut/CMakeFiles/CMakeTmp

Run Build Command:"/usr/bin/make" "cmTryCompileExec1091066705/fast"
/usr/bin/make -f CMakeFiles/cmTryCompileExec1091066705.dir/build.make CMakeFiles/cmTryCompileExec1091066705.dir/build
make[1]: Entering directory '/home/mntmn/code/produce/freeglut/CMakeFiles/CMakeTmp'
/usr/bin/cmake -E cmake_progress_report /home/mntmn/code/produce/freeglut/CMakeFiles/CMakeTmp/CMakeFiles 1
Building C object CMakeFiles/cmTryCompileExec1091066705.dir/CheckFunctionExists.c.o
/usr/bin/cc   -DCHECK_FUNCTION_EXISTS=shmat   -o CMakeFiles/cmTryCompileExec1091066705.dir/CheckFunctionExists.c.o   -c /usr/share/cmake-3.0/Modules/CheckFunctionExists.c
Linking C executable cmTryCompileExec1091066705
/usr/bin/cmake -E cmake_link_script CMakeFiles/cmTryCompileExec1091066705.dir/link.txt --verbose=1
/usr/bin/cc   -DCHECK_FUNCTION_EXISTS=shmat    CMakeFiles/cmTryCompileExec1091066705.dir/CheckFunctionExists.c.o  -o cmTryCompileExec1091066705 -rdynamic 
make[1]: Leaving directory '/home/mntmn/code/produce/freeglut/CMakeFiles/CMakeTmp'


Determining if the function IceConnectionNumber exists in the ICE passed with the following output:
Change Dir: /home/mntmn/code/produce/freeglut/CMakeFiles/CMakeTmp

Run Build Command:"/usr/bin/make" "cmTryCompileExec430934766/fast"
/usr/bin/make -f CMakeFiles/cmTryCompileExec430934766.dir/build.make CMakeFiles/cmTryCompileExec430934766.dir/build
make[1]: Entering directory '/home/mntmn/code/produce/freeglut/CMakeFiles/CMakeTmp'
/usr/bin/cmake -E cmake_progress_report /home/mntmn/code/produce/freeglut/CMakeFiles/CMakeTmp/CMakeFiles 1
Building C object CMakeFiles/cmTryCompileExec430934766.dir/CheckFunctionExists.c.o
/usr/bin/cc   -DCHECK_FUNCTION_EXISTS=IceConnectionNumber   -o CMakeFiles/cmTryCompileExec430934766.dir/CheckFunctionExists.c.o   -c /usr/share/cmake-3.0/Modules/CheckFunctionExists.c
Linking C executable cmTryCompileExec430934766
/usr/bin/cmake -E cmake_link_script CMakeFiles/cmTryCompileExec430934766.dir/link.txt --verbose=1
/usr/bin/cc   -DCHECK_FUNCTION_EXISTS=IceConnectionNumber    CMakeFiles/cmTryCompileExec430934766.dir/CheckFunctionExists.c.o  -o cmTryCompileExec430934766 -rdynamic -lICE 
make[1]: Leaving directory '/home/mntmn/code/produce/freeglut/CMakeFiles/CMakeTmp'


Determining if files /usr/include/X11/extensions/XInput2.h exist passed with the following output:
Change Dir: /home/mntmn/code/produce/freeglut/CMakeFiles/CMakeTmp

Run Build Command:"/usr/bin/make" "cmTryCompileExec2593085510/fast"
/usr/bin/make -f CMakeFiles/cmTryCompileExec2593085510.dir/build.make CMakeFiles/cmTryCompileExec2593085510.dir/build
make[1]: Entering directory '/home/mntmn/code/produce/freeglut/CMakeFiles/CMakeTmp'
/usr/bin/cmake -E cmake_progress_report /home/mntmn/code/produce/freeglut/CMakeFiles/CMakeTmp/CMakeFiles 1
Building C object CMakeFiles/cmTryCompileExec2593085510.dir/CheckIncludeFiles.c.o
/usr/bin/cc   -Wall -pedantic    -o CMakeFiles/cmTryCompileExec2593085510.dir/CheckIncludeFiles.c.o   -c /home/mntmn/code/produce/freeglut/CMakeFiles/CMakeTmp/CheckIncludeFiles.c
Linking C executable cmTryCompileExec2593085510
/usr/bin/cmake -E cmake_link_script CMakeFiles/cmTryCompileExec2593085510.dir/link.txt --verbose=1
/usr/bin/cc   -Wall -pedantic     CMakeFiles/cmTryCompileExec2593085510.dir/CheckIncludeFiles.c.o  -o cmTryCompileExec2593085510 -rdynamic 
make[1]: Leaving directory '/home/mntmn/code/produce/freeglut/CMakeFiles/CMakeTmp'


Determining if files sys/types.h exist passed with the following output:
Change Dir: /home/mntmn/code/produce/freeglut/CMakeFiles/CMakeTmp

Run Build Command:"/usr/bin/make" "cmTryCompileExec781550881/fast"
/usr/bin/make -f CMakeFiles/cmTryCompileExec781550881.dir/build.make CMakeFiles/cmTryCompileExec781550881.dir/build
make[1]: Entering directory '/home/mntmn/code/produce/freeglut/CMakeFiles/CMakeTmp'
/usr/bin/cmake -E cmake_progress_report /home/mntmn/code/produce/freeglut/CMakeFiles/CMakeTmp/CMakeFiles 1
Building C object CMakeFiles/cmTryCompileExec781550881.dir/CheckIncludeFiles.c.o
/usr/bin/cc   -Wall -pedantic    -o CMakeFiles/cmTryCompileExec781550881.dir/CheckIncludeFiles.c.o   -c /home/mntmn/code/produce/freeglut/CMakeFiles/CMakeTmp/CheckIncludeFiles.c
Linking C executable cmTryCompileExec781550881
/usr/bin/cmake -E cmake_link_script CMakeFiles/cmTryCompileExec781550881.dir/link.txt --verbose=1
/usr/bin/cc   -Wall -pedantic     CMakeFiles/cmTryCompileExec781550881.dir/CheckIncludeFiles.c.o  -o cmTryCompileExec781550881 -rdynamic 
make[1]: Leaving directory '/home/mntmn/code/produce/freeglut/CMakeFiles/CMakeTmp'


Determining if files unistd.h exist passed with the following output:
Change Dir: /home/mntmn/code/produce/freeglut/CMakeFiles/CMakeTmp

Run Build Command:"/usr/bin/make" "cmTryCompileExec3928317218/fast"
/usr/bin/make -f CMakeFiles/cmTryCompileExec3928317218.dir/build.make CMakeFiles/cmTryCompileExec3928317218.dir/build
make[1]: Entering directory '/home/mntmn/code/produce/freeglut/CMakeFiles/CMakeTmp'
/usr/bin/cmake -E cmake_progress_report /home/mntmn/code/produce/freeglut/CMakeFiles/CMakeTmp/CMakeFiles 1
Building C object CMakeFiles/cmTryCompileExec3928317218.dir/CheckIncludeFiles.c.o
/usr/bin/cc   -Wall -pedantic    -o CMakeFiles/cmTryCompileExec3928317218.dir/CheckIncludeFiles.c.o   -c /home/mntmn/code/produce/freeglut/CMakeFiles/CMakeTmp/CheckIncludeFiles.c
Linking C executable cmTryCompileExec3928317218
/usr/bin/cmake -E cmake_link_script CMakeFiles/cmTryCompileExec3928317218.dir/link.txt --verbose=1
/usr/bin/cc   -Wall -pedantic     CMakeFiles/cmTryCompileExec3928317218.dir/CheckIncludeFiles.c.o  -o cmTryCompileExec3928317218 -rdynamic 
make[1]: Leaving directory '/home/mntmn/code/produce/freeglut/CMakeFiles/CMakeTmp'


Determining if files sys/time.h exist passed with the following output:
Change Dir: /home/mntmn/code/produce/freeglut/CMakeFiles/CMakeTmp

Run Build Command:"/usr/bin/make" "cmTryCompileExec3532109109/fast"
/usr/bin/make -f CMakeFiles/cmTryCompileExec3532109109.dir/build.make CMakeFiles/cmTryCompileExec3532109109.dir/build
make[1]: Entering directory '/home/mntmn/code/produce/freeglut/CMakeFiles/CMakeTmp'
/usr/bin/cmake -E cmake_progress_report /home/mntmn/code/produce/freeglut/CMakeFiles/CMakeTmp/CMakeFiles 1
Building C object CMakeFiles/cmTryCompileExec3532109109.dir/CheckIncludeFiles.c.o
/usr/bin/cc   -Wall -pedantic    -o CMakeFiles/cmTryCompileExec3532109109.dir/CheckIncludeFiles.c.o   -c /home/mntmn/code/produce/freeglut/CMakeFiles/CMakeTmp/CheckIncludeFiles.c
Linking C executable cmTryCompileExec3532109109
/usr/bin/cmake -E cmake_link_script CMakeFiles/cmTryCompileExec3532109109.dir/link.txt --verbose=1
/usr/bin/cc   -Wall -pedantic     CMakeFiles/cmTryCompileExec3532109109.dir/CheckIncludeFiles.c.o  -o cmTryCompileExec3532109109 -rdynamic 
make[1]: Leaving directory '/home/mntmn/code/produce/freeglut/CMakeFiles/CMakeTmp'


Determining if files stdbool.h exist passed with the following output:
Change Dir: /home/mntmn/code/produce/freeglut/CMakeFiles/CMakeTmp

Run Build Command:"/usr/bin/make" "cmTryCompileExec1721654919/fast"
/usr/bin/make -f CMakeFiles/cmTryCompileExec1721654919.dir/build.make CMakeFiles/cmTryCompileExec1721654919.dir/build
make[1]: Entering directory '/home/mntmn/code/produce/freeglut/CMakeFiles/CMakeTmp'
/usr/bin/cmake -E cmake_progress_report /home/mntmn/code/produce/freeglut/CMakeFiles/CMakeTmp/CMakeFiles 1
Building C object CMakeFiles/cmTryCompileExec1721654919.dir/CheckIncludeFiles.c.o
/usr/bin/cc   -Wall -pedantic    -o CMakeFiles/cmTryCompileExec1721654919.dir/CheckIncludeFiles.c.o   -c /home/mntmn/code/produce/freeglut/CMakeFiles/CMakeTmp/CheckIncludeFiles.c
Linking C executable cmTryCompileExec1721654919
/usr/bin/cmake -E cmake_link_script CMakeFiles/cmTryCompileExec1721654919.dir/link.txt --verbose=1
/usr/bin/cc   -Wall -pedantic     CMakeFiles/cmTryCompileExec1721654919.dir/CheckIncludeFiles.c.o  -o cmTryCompileExec1721654919 -rdynamic 
make[1]: Leaving directory '/home/mntmn/code/produce/freeglut/CMakeFiles/CMakeTmp'


Determining if files sys/param.h exist passed with the following output:
Change Dir: /home/mntmn/code/produce/freeglut/CMakeFiles/CMakeTmp

Run Build Command:"/usr/bin/make" "cmTryCompileExec1170294974/fast"
/usr/bin/make -f CMakeFiles/cmTryCompileExec1170294974.dir/build.make CMakeFiles/cmTryCompileExec1170294974.dir/build
make[1]: Entering directory '/home/mntmn/code/produce/freeglut/CMakeFiles/CMakeTmp'
/usr/bin/cmake -E cmake_progress_report /home/mntmn/code/produce/freeglut/CMakeFiles/CMakeTmp/CMakeFiles 1
Building C object CMakeFiles/cmTryCompileExec1170294974.dir/CheckIncludeFiles.c.o
/usr/bin/cc   -Wall -pedantic    -o CMakeFiles/cmTryCompileExec1170294974.dir/CheckIncludeFiles.c.o   -c /home/mntmn/code/produce/freeglut/CMakeFiles/CMakeTmp/CheckIncludeFiles.c
Linking C executable cmTryCompileExec1170294974
/usr/bin/cmake -E cmake_link_script CMakeFiles/cmTryCompileExec1170294974.dir/link.txt --verbose=1
/usr/bin/cc   -Wall -pedantic     CMakeFiles/cmTryCompileExec1170294974.dir/CheckIncludeFiles.c.o  -o cmTryCompileExec1170294974 -rdynamic 
make[1]: Leaving directory '/home/mntmn/code/produce/freeglut/CMakeFiles/CMakeTmp'


Determining if files sys/ioctl.h exist passed with the following output:
Change Dir: /home/mntmn/code/produce/freeglut/CMakeFiles/CMakeTmp

Run Build Command:"/usr/bin/make" "cmTryCompileExec2266999016/fast"
/usr/bin/make -f CMakeFiles/cmTryCompileExec2266999016.dir/build.make CMakeFiles/cmTryCompileExec2266999016.dir/build
make[1]: Entering directory '/home/mntmn/code/produce/freeglut/CMakeFiles/CMakeTmp'
/usr/bin/cmake -E cmake_progress_report /home/mntmn/code/produce/freeglut/CMakeFiles/CMakeTmp/CMakeFiles 1
Building C object CMakeFiles/cmTryCompileExec2266999016.dir/CheckIncludeFiles.c.o
/usr/bin/cc   -Wall -pedantic    -o CMakeFiles/cmTryCompileExec2266999016.dir/CheckIncludeFiles.c.o   -c /home/mntmn/code/produce/freeglut/CMakeFiles/CMakeTmp/CheckIncludeFiles.c
Linking C executable cmTryCompileExec2266999016
/usr/bin/cmake -E cmake_link_script CMakeFiles/cmTryCompileExec2266999016.dir/link.txt --verbose=1
/usr/bin/cc   -Wall -pedantic     CMakeFiles/cmTryCompileExec2266999016.dir/CheckIncludeFiles.c.o  -o cmTryCompileExec2266999016 -rdynamic 
make[1]: Leaving directory '/home/mntmn/code/produce/freeglut/CMakeFiles/CMakeTmp'


Determining if files fcntl.h exist passed with the following output:
Change Dir: /home/mntmn/code/produce/freeglut/CMakeFiles/CMakeTmp

Run Build Command:"/usr/bin/make" "cmTryCompileExec3902774020/fast"
/usr/bin/make -f CMakeFiles/cmTryCompileExec3902774020.dir/build.make CMakeFiles/cmTryCompileExec3902774020.dir/build
make[1]: Entering directory '/home/mntmn/code/produce/freeglut/CMakeFiles/CMakeTmp'
/usr/bin/cmake -E cmake_progress_report /home/mntmn/code/produce/freeglut/CMakeFiles/CMakeTmp/CMakeFiles 1
Building C object CMakeFiles/cmTryCompileExec3902774020.dir/CheckIncludeFiles.c.o
/usr/bin/cc   -Wall -pedantic    -o CMakeFiles/cmTryCompileExec3902774020.dir/CheckIncludeFiles.c.o   -c /home/mntmn/code/produce/freeglut/CMakeFiles/CMakeTmp/CheckIncludeFiles.c
Linking C executable cmTryCompileExec3902774020
/usr/bin/cmake -E cmake_link_script CMakeFiles/cmTryCompileExec3902774020.dir/link.txt --verbose=1
/usr/bin/cc   -Wall -pedantic     CMakeFiles/cmTryCompileExec3902774020.dir/CheckIncludeFiles.c.o  -o cmTryCompileExec3902774020 -rdynamic 
make[1]: Leaving directory '/home/mntmn/code/produce/freeglut/CMakeFiles/CMakeTmp'


Determining if the function gettimeofday exists passed with the following output:
Change Dir: /home/mntmn/code/produce/freeglut/CMakeFiles/CMakeTmp

Run Build Command:"/usr/bin/make" "cmTryCompileExec2788069345/fast"
/usr/bin/make -f CMakeFiles/cmTryCompileExec2788069345.dir/build.make CMakeFiles/cmTryCompileExec2788069345.dir/build
make[1]: Entering directory '/home/mntmn/code/produce/freeglut/CMakeFiles/CMakeTmp'
/usr/bin/cmake -E cmake_progress_report /home/mntmn/code/produce/freeglut/CMakeFiles/CMakeTmp/CMakeFiles 1
Building C object CMakeFiles/cmTryCompileExec2788069345.dir/CheckFunctionExists.c.o
/usr/bin/cc   -Wall -pedantic -DCHECK_FUNCTION_EXISTS=gettimeofday   -o CMakeFiles/cmTryCompileExec2788069345.dir/CheckFunctionExists.c.o   -c /usr/share/cmake-3.0/Modules/CheckFunctionExists.c
Linking C executable cmTryCompileExec2788069345
/usr/bin/cmake -E cmake_link_script CMakeFiles/cmTryCompileExec2788069345.dir/link.txt --verbose=1
/usr/bin/cc   -Wall -pedantic -DCHECK_FUNCTION_EXISTS=gettimeofday    CMakeFiles/cmTryCompileExec2788069345.dir/CheckFunctionExists.c.o  -o cmTryCompileExec2788069345 -rdynamic -lm 
make[1]: Leaving directory '/home/mntmn/code/produce/freeglut/CMakeFiles/CMakeTmp'


Determining if files stdint.h exist passed with the following output:
Change Dir: /home/mntmn/code/produce/freeglut/CMakeFiles/CMakeTmp

Run Build Command:"/usr/bin/make" "cmTryCompileExec2645493781/fast"
/usr/bin/make -f CMakeFiles/cmTryCompileExec2645493781.dir/build.make CMakeFiles/cmTryCompileExec2645493781.dir/build
make[1]: Entering directory '/home/mntmn/code/produce/freeglut/CMakeFiles/CMakeTmp'
/usr/bin/cmake -E cmake_progress_report /home/mntmn/code/produce/freeglut/CMakeFiles/CMakeTmp/CMakeFiles 1
Building C object CMakeFiles/cmTryCompileExec2645493781.dir/CheckIncludeFiles.c.o
/usr/bin/cc   -Wall -pedantic    -o CMakeFiles/cmTryCompileExec2645493781.dir/CheckIncludeFiles.c.o   -c /home/mntmn/code/produce/freeglut/CMakeFiles/CMakeTmp/CheckIncludeFiles.c
Linking C executable cmTryCompileExec2645493781
/usr/bin/cmake -E cmake_link_script CMakeFiles/cmTryCompileExec2645493781.dir/link.txt --verbose=1
/usr/bin/cc   -Wall -pedantic     CMakeFiles/cmTryCompileExec2645493781.dir/CheckIncludeFiles.c.o  -o cmTryCompileExec2645493781 -rdynamic 
make[1]: Leaving directory '/home/mntmn/code/produce/freeglut/CMakeFiles/CMakeTmp'


Determining if files inttypes.h exist passed with the following output:
Change Dir: /home/mntmn/code/produce/freeglut/CMakeFiles/CMakeTmp

Run Build Command:"/usr/bin/make" "cmTryCompileExec1939026465/fast"
/usr/bin/make -f CMakeFiles/cmTryCompileExec1939026465.dir/build.make CMakeFiles/cmTryCompileExec1939026465.dir/build
make[1]: Entering directory '/home/mntmn/code/produce/freeglut/CMakeFiles/CMakeTmp'
/usr/bin/cmake -E cmake_progress_report /home/mntmn/code/produce/freeglut/CMakeFiles/CMakeTmp/CMakeFiles 1
Building C object CMakeFiles/cmTryCompileExec1939026465.dir/CheckIncludeFiles.c.o
/usr/bin/cc   -Wall -pedantic    -o CMakeFiles/cmTryCompileExec1939026465.dir/CheckIncludeFiles.c.o   -c /home/mntmn/code/produce/freeglut/CMakeFiles/CMakeTmp/CheckIncludeFiles.c
Linking C executable cmTryCompileExec1939026465
/usr/bin/cmake -E cmake_link_script CMakeFiles/cmTryCompileExec1939026465.dir/link.txt --verbose=1
/usr/bin/cc   -Wall -pedantic     CMakeFiles/cmTryCompileExec1939026465.dir/CheckIncludeFiles.c.o  -o cmTryCompileExec1939026465 -rdynamic 
make[1]: Leaving directory '/home/mntmn/code/produce/freeglut/CMakeFiles/CMakeTmp'


